<?xml version="1.0" encoding="UTF-8"?>
<testng-results skipped="0" failed="0" ignored="0" total="1" passed="1">
  <reporter-output>
  </reporter-output>
  <suite name="Default suite" duration-ms="55" started-at="2019-02-15T06:41:38Z" finished-at="2019-02-15T06:41:38Z">
    <groups>
    </groups>
    <test name="Default test" duration-ms="55" started-at="2019-02-15T06:41:38Z" finished-at="2019-02-15T06:41:38Z">
      <class name="project.LoginTest">
        <test-method status="PASS" signature="LoginTest()[pri:0, instance:project.LoginTest@4678c730]" name="LoginTest" duration-ms="18" started-at="2019-02-15T06:41:38Z" finished-at="2019-02-15T06:41:38Z">
          <reporter-output>
          </reporter-output>
        </test-method> <!-- LoginTest -->
      </class> <!-- project.LoginTest -->
    </test> <!-- Default test -->
  </suite> <!-- Default suite -->
</testng-results>
